current directory: /Users/danylo.goncharov/Documents/Code/New-Work/beetle/gems/hiredis-client-0.22.2/ext/redis_client/hiredis
/Users/danylo.goncharov/.rbenv/versions/3.1.2/bin/ruby -I /Users/danylo.goncharov/.rbenv/versions/3.1.2/lib/ruby/3.1.0 -r ./siteconf20240815-10570-d3jeiq.rb extconf.rb
checking for openssl/ssl.h... yes
cc -std=c99 -pedantic -c -O3 -fPIC  -fvisibility=hidden -I/opt/homebrew/opt/openssl@3/include -Wall -W -Wstrict-prototypes -Wwrite-strings -Wno-missing-field-initializers -g -ggdb alloc.c
cc -std=c99 -pedantic -c -O3 -fPIC  -fvisibility=hidden -I/opt/homebrew/opt/openssl@3/include -Wall -W -Wstrict-prototypes -Wwrite-strings -Wno-missing-field-initializers -g -ggdb net.c
net.c:165:50: warning: unused parameter 'interval' [-Wunused-parameter]
int redisKeepAlive(redisContext *c, int ttl, int interval) {
                                                 ^
1 warning generated.
cc -std=c99 -pedantic -c -O3 -fPIC  -fvisibility=hidden -I/opt/homebrew/opt/openssl@3/include -Wall -W -Wstrict-prototypes -Wwrite-strings -Wno-missing-field-initializers -g -ggdb hiredis.c
cc -std=c99 -pedantic -c -O3 -fPIC  -fvisibility=hidden -I/opt/homebrew/opt/openssl@3/include -Wall -W -Wstrict-prototypes -Wwrite-strings -Wno-missing-field-initializers -g -ggdb sds.c
cc -std=c99 -pedantic -c -O3 -fPIC  -fvisibility=hidden -I/opt/homebrew/opt/openssl@3/include -Wall -W -Wstrict-prototypes -Wwrite-strings -Wno-missing-field-initializers -g -ggdb async.c
cc -std=c99 -pedantic -c -O3 -fPIC  -fvisibility=hidden -I/opt/homebrew/opt/openssl@3/include -Wall -W -Wstrict-prototypes -Wwrite-strings -Wno-missing-field-initializers -g -ggdb read.c
cc -std=c99 -pedantic -c -O3 -fPIC  -fvisibility=hidden -I/opt/homebrew/opt/openssl@3/include -Wall -W -Wstrict-prototypes -Wwrite-strings -Wno-missing-field-initializers -g -ggdb sockcompat.c
ar rcs libhiredis.a alloc.o net.o hiredis.o sds.o async.o read.o sockcompat.o
cc -std=c99 -pedantic -c -O3 -fPIC  -fvisibility=hidden -I/opt/homebrew/opt/openssl@3/include -Wall -W -Wstrict-prototypes -Wwrite-strings -Wno-missing-field-initializers -g -ggdb ssl.c
ar rcs libhiredis_ssl.a ssl.o
checking for rb_hash_new_capa() in ruby.h... no
checking for whether -Wno-declaration-after-statement is accepted as CFLAGS... yes
checking for whether -Wno-compound-token-split-by-macro is accepted as CFLAGS... yes
creating Makefile

current directory: /Users/danylo.goncharov/Documents/Code/New-Work/beetle/gems/hiredis-client-0.22.2/ext/redis_client/hiredis
make DESTDIR\= clean

current directory: /Users/danylo.goncharov/Documents/Code/New-Work/beetle/gems/hiredis-client-0.22.2/ext/redis_client/hiredis
make DESTDIR\=
compiling hiredis_connection.c
linking shared-object redis_client/hiredis_connection.bundle

current directory: /Users/danylo.goncharov/Documents/Code/New-Work/beetle/gems/hiredis-client-0.22.2/ext/redis_client/hiredis
make DESTDIR\= install
/opt/homebrew/bin/ginstall -c -m 0755 hiredis_connection.bundle ./.gem.20240815-10570-u7w0t9/redis_client
