current directory: /Users/danylo.goncharov/Documents/Code/New-Work/beetle/gems/bigdecimal-3.1.8/ext/bigdecimal
/Users/danylo.goncharov/.rbenv/versions/3.1.2/bin/ruby -I /Users/danylo.goncharov/.rbenv/versions/3.1.2/lib/ruby/3.1.0 -r ./siteconf20240815-10570-9q05uv.rb extconf.rb
checking for __builtin_clz()... yes
checking for __builtin_clzl()... yes
checking for __builtin_clzll()... yes
checking for float.h... yes
checking for math.h... yes
checking for stdbool.h... yes
checking for stdlib.h... yes
checking for x86intrin.h... no
checking for _lzcnt_u32() in x86intrin.h... no
checking for _lzcnt_u64() in x86intrin.h... no
checking for intrin.h... no
checking for __lzcnt() in intrin.h... no
checking for __lzcnt64() in intrin.h... no
checking for _BitScanReverse() in intrin.h... no
checking for _BitScanReverse64() in intrin.h... no
checking for labs() in stdlib.h... yes
checking for llabs() in stdlib.h... yes
checking for finite() in math.h... no
checking for isfinite() in math.h... no
checking for ruby/atomic.h... yes
checking for ruby/internal/has/builtin.h... yes
checking for ruby/internal/static_assert.h... yes
checking for rb_rational_num() in ruby.h... yes
checking for rb_rational_den() in ruby.h... yes
checking for rb_complex_real() in ruby.h... yes
checking for rb_complex_imag() in ruby.h... yes
checking for rb_opts_exception_p() in ruby.h... yes
checking for rb_category_warn() in ruby.h... yes
checking for RB_WARN_CATEGORY_DEPRECATED in ruby.h... yes
creating Makefile

current directory: /Users/danylo.goncharov/Documents/Code/New-Work/beetle/gems/bigdecimal-3.1.8/ext/bigdecimal
make DESTDIR\= clean

current directory: /Users/danylo.goncharov/Documents/Code/New-Work/beetle/gems/bigdecimal-3.1.8/ext/bigdecimal
make DESTDIR\=
compiling bigdecimal.c
compiling missing.c
linking shared-object bigdecimal.bundle

current directory: /Users/danylo.goncharov/Documents/Code/New-Work/beetle/gems/bigdecimal-3.1.8/ext/bigdecimal
make DESTDIR\= install
/opt/homebrew/bin/ginstall -c -m 0755 bigdecimal.bundle ./.gem.20240815-10570-33azwt
